[debug] [2020-12-11T22:07:11.521Z] ----------------------------------------------------------------------
[debug] [2020-12-11T22:07:11.522Z] Command:       C:\Program Files\nodejs\node.exe C:\Users\johnp\AppData\Roaming\npm\node_modules\firebase-tools\lib\bin\firebase.js emulators:start
[debug] [2020-12-11T22:07:11.522Z] CLI Version:   8.18.1
[debug] [2020-12-11T22:07:11.522Z] Platform:      win32
[debug] [2020-12-11T22:07:11.522Z] Node Version:  v14.0.0
[debug] [2020-12-11T22:07:11.523Z] Time:          Fri Dec 11 2020 14:07:11 GMT-0800 (Pacific Standard Time)
[debug] [2020-12-11T22:07:11.523Z] ----------------------------------------------------------------------
[debug] [2020-12-11T22:07:11.523Z] 
[debug] [2020-12-11T22:07:11.528Z] > command requires scopes: ["email","openid","https://www.googleapis.com/auth/cloudplatformprojects.readonly","https://www.googleapis.com/auth/firebase","https://www.googleapis.com/auth/cloud-platform"]
[debug] [2020-12-11T22:07:11.528Z] > authorizing via signed-in user
[info] i  emulators: Starting emulators: auth, functions, firestore, hosting {"metadata":{"emulator":{"name":"hub"},"message":"Starting emulators: auth, functions, firestore, hosting"}}
[debug] [2020-12-11T22:07:13.596Z] [hub] writing locator at C:\Users\johnp\AppData\Local\Temp\hub-white-elephant-capps.json
[warn] !  functions: The following emulators are not running, calls to these services from the Functions emulator will affect production: database, pubsub {"metadata":{"emulator":{"name":"functions"},"message":"The following emulators are not running, calls to these services from the Functions emulator will affect production: \u001b[1mdatabase, pubsub\u001b[22m"}}
[warn] !  Your requested "node" version "12" doesn't match your global version "14" {"metadata":{"emulator":{"name":"functions"},"message":"Your requested \"node\" version \"12\" doesn't match your global version \"14\""}}
[debug] [2020-12-11T22:07:15.642Z] defaultcredentials: writing to file C:\Users\johnp\AppData\Roaming\firebase\john_pombo_gmail.com_application_default_credentials.json
[debug] [2020-12-11T22:07:15.643Z] Setting GAC to C:\Users\johnp\AppData\Roaming\firebase\john_pombo_gmail.com_application_default_credentials.json {"metadata":{"emulator":{"name":"functions"},"message":"Setting GAC to C:\\Users\\johnp\\AppData\\Roaming\\firebase\\john_pombo_gmail.com_application_default_credentials.json"}}
[debug] [2020-12-11T22:07:17.698Z] Ignoring unsupported arg: projectId {"metadata":{"emulator":{"name":"firestore"},"message":"Ignoring unsupported arg: projectId"}}
[debug] [2020-12-11T22:07:17.698Z] Ignoring unsupported arg: auto_download {"metadata":{"emulator":{"name":"firestore"},"message":"Ignoring unsupported arg: auto_download"}}
[debug] [2020-12-11T22:07:17.699Z] Starting Firestore Emulator with command {"binary":"java","args":["-Dgoogle.cloud_firestore.debug_log_level=FINE","-Duser.language=en","-jar","C:\\Users\\johnp\\.cache\\firebase\\emulators\\cloud-firestore-emulator-v1.11.11.jar","--host","localhost","--port",5002,"--rules","D:\\git\\vue-cli-plugin-phaser\\white-elephant\\firestore.rules","--functions_emulator","localhost:5001"],"optionalArgs":["port","webchannel_port","host","rules","functions_emulator","seed_from_export"],"joinArgs":false} {"metadata":{"emulator":{"name":"firestore"},"message":"Starting Firestore Emulator with command {\"binary\":\"java\",\"args\":[\"-Dgoogle.cloud_firestore.debug_log_level=FINE\",\"-Duser.language=en\",\"-jar\",\"C:\\\\Users\\\\johnp\\\\.cache\\\\firebase\\\\emulators\\\\cloud-firestore-emulator-v1.11.11.jar\",\"--host\",\"localhost\",\"--port\",5002,\"--rules\",\"D:\\\\git\\\\vue-cli-plugin-phaser\\\\white-elephant\\\\firestore.rules\",\"--functions_emulator\",\"localhost:5001\"],\"optionalArgs\":[\"port\",\"webchannel_port\",\"host\",\"rules\",\"functions_emulator\",\"seed_from_export\"],\"joinArgs\":false}"}}
[info] i  firestore: Firestore Emulator logging to firestore-debug.log {"metadata":{"emulator":{"name":"firestore"},"message":"Firestore Emulator logging to \u001b[1mfirestore-debug.log\u001b[22m"}}
[debug] [2020-12-11T22:07:25.125Z] >>> HTTP REQUEST GET https://firebase.googleapis.com/v1beta1/projects/white-elephant-capps/webApps/-/config  
 
[debug] [2020-12-11T22:07:25.500Z] <<< HTTP RESPONSE 200 {"content-type":"application/json; charset=UTF-8","vary":"X-Origin, Referer, Origin,Accept-Encoding","date":"Fri, 11 Dec 2020 22:07:26 GMT","server":"ESF","cache-control":"private","x-xss-protection":"0","x-frame-options":"SAMEORIGIN","x-content-type-options":"nosniff","alt-svc":"h3-29=\":443\"; ma=2592000,h3-T051=\":443\"; ma=2592000,h3-Q050=\":443\"; ma=2592000,h3-Q046=\":443\"; ma=2592000,h3-Q043=\":443\"; ma=2592000,quic=\":443\"; ma=2592000; v=\"46,43\"","accept-ranges":"none","transfer-encoding":"chunked"}
[info] i  hosting: Serving hosting files from: dist {"metadata":{"emulator":{"name":"hosting"},"message":"Serving hosting files from: \u001b[1mdist\u001b[22m"}}
[info] +  hosting: Local server: http://localhost:5000 {"metadata":{"emulator":{"name":"hosting"},"message":"Local server: \u001b[4m\u001b[1mhttp://localhost:5000\u001b[22m\u001b[24m"}}
[info] i  ui: downloading ui-v1.3.0.zip... {"metadata":{"emulator":{"name":"ui"},"message":"downloading ui-v1.3.0.zip..."}}
[debug] [2020-12-11T22:07:29.592Z] >>> [apiv2][query] GET https://storage.googleapis.com/firebase-preview-drop/emulator/ui-v1.3.0.zip [none]
[debug] [2020-12-11T22:07:29.622Z] <<< [apiv2][status] GET https://storage.googleapis.com/firebase-preview-drop/emulator/ui-v1.3.0.zip 200
[debug] [2020-12-11T22:07:29.622Z] <<< [apiv2][body] GET https://storage.googleapis.com/firebase-preview-drop/emulator/ui-v1.3.0.zip [stream]
[info] i  ui: Removing outdated emulator files: ui-v1.2.2 {"metadata":{"emulator":{"name":"ui"},"message":"Removing outdated emulator files: ui-v1.2.2"}}
[info] i  ui: Removing outdated emulator files: ui-v1.2.2.zip {"metadata":{"emulator":{"name":"ui"},"message":"Removing outdated emulator files: ui-v1.2.2.zip"}}
[debug] [2020-12-11T22:07:29.880Z] Ignoring unsupported arg: auto_download {"metadata":{"emulator":{"name":"ui"},"message":"Ignoring unsupported arg: auto_download"}}
[debug] [2020-12-11T22:07:29.880Z] Ignoring unsupported arg: port {"metadata":{"emulator":{"name":"ui"},"message":"Ignoring unsupported arg: port"}}
[debug] [2020-12-11T22:07:29.880Z] Starting Emulator UI with command {"binary":"node","args":["C:\\Users\\johnp\\.cache\\firebase\\emulators\\ui-v1.3.0\\server.bundle.js"],"optionalArgs":[],"joinArgs":false} {"metadata":{"emulator":{"name":"ui"},"message":"Starting Emulator UI with command {\"binary\":\"node\",\"args\":[\"C:\\\\Users\\\\johnp\\\\.cache\\\\firebase\\\\emulators\\\\ui-v1.3.0\\\\server.bundle.js\"],\"optionalArgs\":[],\"joinArgs\":false}"}}
[info] i  ui: Emulator UI logging to ui-debug.log {"metadata":{"emulator":{"name":"ui"},"message":"Emulator UI logging to \u001b[1mui-debug.log\u001b[22m"}}
[debug] [2020-12-11T22:07:29.960Z] Web / API server started at http://localhost:4000
 {"metadata":{"emulator":{"name":"ui"},"message":"Web / API server started at http://localhost:4000\n"}}
[info] i  functions: Watching "D:\git\vue-cli-plugin-phaser\white-elephant\functions" for Cloud Functions... {"metadata":{"emulator":{"name":"functions"},"message":"Watching \"D:\\git\\vue-cli-plugin-phaser\\white-elephant\\functions\" for Cloud Functions..."}}
[debug] [2020-12-11T22:07:30.403Z] [worker-pool] addWorker(~diagnostic~) {"metadata":{"emulator":{"name":"functions"},"message":"[worker-pool] addWorker(~diagnostic~)"}}
[debug] [2020-12-11T22:07:30.403Z] [worker-pool] Adding worker with key ~diagnostic~, total=1 {"metadata":{"emulator":{"name":"functions"},"message":"[worker-pool] Adding worker with key ~diagnostic~, total=1"}}
[debug] [2020-12-11T22:07:30.403Z] [worker-pool] submitWork(triggerId=) {"metadata":{"emulator":{"name":"functions"},"message":"[worker-pool] submitWork(triggerId=)"}}
[debug] [2020-12-11T22:07:30.404Z] [worker-~diagnostic~-2c2c201e-85a4-4aaf-b2a5-0d915b40cc89]: Assigning socketPath: \\?\pipe\D:\git\vue-cli-plugin-phaser\white-elephant\functions\2244 {"metadata":{"emulator":{"name":"functions"},"message":"[worker-~diagnostic~-2c2c201e-85a4-4aaf-b2a5-0d915b40cc89]: Assigning socketPath: \\\\?\\pipe\\D:\\git\\vue-cli-plugin-phaser\\white-elephant\\functions\\2244"}}
[debug] [2020-12-11T22:07:30.404Z] [worker-~diagnostic~-2c2c201e-85a4-4aaf-b2a5-0d915b40cc89]: BUSY {"metadata":{"emulator":{"name":"functions"},"message":"[worker-~diagnostic~-2c2c201e-85a4-4aaf-b2a5-0d915b40cc89]: BUSY"}}
[debug] [2020-12-11T22:07:30.543Z] [runtime-status] [2244] Functions runtime initialized. {"cwd":"D:\\git\\vue-cli-plugin-phaser\\white-elephant\\functions","node_version":"14.0.0"} {"metadata":{"emulator":{"name":"functions"},"message":"[runtime-status] [2244] Functions runtime initialized. {\"cwd\":\"D:\\\\git\\\\vue-cli-plugin-phaser\\\\white-elephant\\\\functions\",\"node_version\":\"14.0.0\"}"}}
[debug] [2020-12-11T22:07:30.544Z] [runtime-status] [2244] Disabled runtime features: undefined {"metadata":{"emulator":{"name":"functions"},"message":"[runtime-status] [2244] Disabled runtime features: undefined"}}
[debug] [2020-12-11T22:07:30.572Z] [runtime-status] [2244] Resolved module firebase-admin {"declared":true,"installed":true,"version":"9.4.2","resolution":"D:\\git\\vue-cli-plugin-phaser\\white-elephant\\functions\\node_modules\\firebase-admin\\lib\\index.js"} {"metadata":{"emulator":{"name":"functions"},"message":"[runtime-status] [2244] Resolved module firebase-admin {\"declared\":true,\"installed\":true,\"version\":\"9.4.2\",\"resolution\":\"D:\\\\git\\\\vue-cli-plugin-phaser\\\\white-elephant\\\\functions\\\\node_modules\\\\firebase-admin\\\\lib\\\\index.js\"}"}}
[debug] [2020-12-11T22:07:30.573Z] [runtime-status] [2244] Resolved module firebase-functions {"declared":true,"installed":true,"version":"3.13.0","resolution":"D:\\git\\vue-cli-plugin-phaser\\white-elephant\\functions\\node_modules\\firebase-functions\\lib\\index.js"} {"metadata":{"emulator":{"name":"functions"},"message":"[runtime-status] [2244] Resolved module firebase-functions {\"declared\":true,\"installed\":true,\"version\":\"3.13.0\",\"resolution\":\"D:\\\\git\\\\vue-cli-plugin-phaser\\\\white-elephant\\\\functions\\\\node_modules\\\\firebase-functions\\\\lib\\\\index.js\"}"}}
[debug] [2020-12-11T22:07:30.574Z] [runtime-status] [2244] Resolved module firebase-functions {"declared":true,"installed":true,"version":"3.13.0","resolution":"D:\\git\\vue-cli-plugin-phaser\\white-elephant\\functions\\node_modules\\firebase-functions\\lib\\index.js"} {"metadata":{"emulator":{"name":"functions"},"message":"[runtime-status] [2244] Resolved module firebase-functions {\"declared\":true,\"installed\":true,\"version\":\"3.13.0\",\"resolution\":\"D:\\\\git\\\\vue-cli-plugin-phaser\\\\white-elephant\\\\functions\\\\node_modules\\\\firebase-functions\\\\lib\\\\index.js\"}"}}
[debug] [2020-12-11T22:07:30.575Z] [runtime-status] [2244] Outgoing network have been stubbed. [{"name":"http","status":"mocked"},{"name":"http","status":"mocked"},{"name":"https","status":"mocked"},{"name":"https","status":"mocked"},{"name":"net","status":"mocked"}] {"metadata":{"emulator":{"name":"functions"},"message":"[runtime-status] [2244] Outgoing network have been stubbed. [{\"name\":\"http\",\"status\":\"mocked\"},{\"name\":\"http\",\"status\":\"mocked\"},{\"name\":\"https\",\"status\":\"mocked\"},{\"name\":\"https\",\"status\":\"mocked\"},{\"name\":\"net\",\"status\":\"mocked\"}]"}}
[debug] [2020-12-11T22:07:30.576Z] [runtime-status] [2244] Resolved module firebase-functions {"declared":true,"installed":true,"version":"3.13.0","resolution":"D:\\git\\vue-cli-plugin-phaser\\white-elephant\\functions\\node_modules\\firebase-functions\\lib\\index.js"} {"metadata":{"emulator":{"name":"functions"},"message":"[runtime-status] [2244] Resolved module firebase-functions {\"declared\":true,\"installed\":true,\"version\":\"3.13.0\",\"resolution\":\"D:\\\\git\\\\vue-cli-plugin-phaser\\\\white-elephant\\\\functions\\\\node_modules\\\\firebase-functions\\\\lib\\\\index.js\"}"}}
[debug] [2020-12-11T22:07:30.606Z] [runtime-status] [2244] Checked functions.config() {"config":{}} {"metadata":{"emulator":{"name":"functions"},"message":"[runtime-status] [2244] Checked functions.config() {\"config\":{}}"}}
[debug] [2020-12-11T22:07:30.606Z] [runtime-status] [2244] firebase-functions has been stubbed. {"functionsResolution":{"declared":true,"installed":true,"version":"3.13.0","resolution":"D:\\git\\vue-cli-plugin-phaser\\white-elephant\\functions\\node_modules\\firebase-functions\\lib\\index.js"}} {"metadata":{"emulator":{"name":"functions"},"message":"[runtime-status] [2244] firebase-functions has been stubbed. {\"functionsResolution\":{\"declared\":true,\"installed\":true,\"version\":\"3.13.0\",\"resolution\":\"D:\\\\git\\\\vue-cli-plugin-phaser\\\\white-elephant\\\\functions\\\\node_modules\\\\firebase-functions\\\\lib\\\\index.js\"}}"}}
[debug] [2020-12-11T22:07:30.607Z] [runtime-status] [2244] Resolved module firebase-functions {"declared":true,"installed":true,"version":"3.13.0","resolution":"D:\\git\\vue-cli-plugin-phaser\\white-elephant\\functions\\node_modules\\firebase-functions\\lib\\index.js"} {"metadata":{"emulator":{"name":"functions"},"message":"[runtime-status] [2244] Resolved module firebase-functions {\"declared\":true,\"installed\":true,\"version\":\"3.13.0\",\"resolution\":\"D:\\\\git\\\\vue-cli-plugin-phaser\\\\white-elephant\\\\functions\\\\node_modules\\\\firebase-functions\\\\lib\\\\index.js\"}"}}
[debug] [2020-12-11T22:07:30.607Z] [runtime-status] [2244] Resolved module firebase-admin {"declared":true,"installed":true,"version":"9.4.2","resolution":"D:\\git\\vue-cli-plugin-phaser\\white-elephant\\functions\\node_modules\\firebase-admin\\lib\\index.js"} {"metadata":{"emulator":{"name":"functions"},"message":"[runtime-status] [2244] Resolved module firebase-admin {\"declared\":true,\"installed\":true,\"version\":\"9.4.2\",\"resolution\":\"D:\\\\git\\\\vue-cli-plugin-phaser\\\\white-elephant\\\\functions\\\\node_modules\\\\firebase-admin\\\\lib\\\\index.js\"}"}}
[debug] [2020-12-11T22:07:30.607Z] [runtime-status] [2244] Resolved module firebase-functions {"declared":true,"installed":true,"version":"3.13.0","resolution":"D:\\git\\vue-cli-plugin-phaser\\white-elephant\\functions\\node_modules\\firebase-functions\\lib\\index.js"} {"metadata":{"emulator":{"name":"functions"},"message":"[runtime-status] [2244] Resolved module firebase-functions {\"declared\":true,\"installed\":true,\"version\":\"3.13.0\",\"resolution\":\"D:\\\\git\\\\vue-cli-plugin-phaser\\\\white-elephant\\\\functions\\\\node_modules\\\\firebase-functions\\\\lib\\\\index.js\"}"}}
[debug] [2020-12-11T22:07:30.608Z] [runtime-status] [2244] firebase-admin has been stubbed. {"adminResolution":{"declared":true,"installed":true,"version":"9.4.2","resolution":"D:\\git\\vue-cli-plugin-phaser\\white-elephant\\functions\\node_modules\\firebase-admin\\lib\\index.js"}} {"metadata":{"emulator":{"name":"functions"},"message":"[runtime-status] [2244] firebase-admin has been stubbed. {\"adminResolution\":{\"declared\":true,\"installed\":true,\"version\":\"9.4.2\",\"resolution\":\"D:\\\\git\\\\vue-cli-plugin-phaser\\\\white-elephant\\\\functions\\\\node_modules\\\\firebase-admin\\\\lib\\\\index.js\"}}"}}
[info] 
┌────────────────────────────────────────────────────────────────┐
│ ✔  All emulators ready! View status and logs at localhost:4000 │
└────────────────────────────────────────────────────────────────┘

┌────────────────┬────────────────┬──────────────────────────┐
│ Emulator       │ Host:Port      │ View in Emulator UI      │
├────────────────┼────────────────┼──────────────────────────┤
│ Authentication │ localhost:9099 │ localhost:4000/auth      │
├────────────────┼────────────────┼──────────────────────────┤
│ Functions      │ localhost:5001 │ localhost:4000/functions │
├────────────────┼────────────────┼──────────────────────────┤
│ Firestore      │ localhost:5002 │ localhost:4000/firestore │
├────────────────┼────────────────┼──────────────────────────┤
│ Hosting        │ localhost:5000 │ n/a                      │
└────────────────┴────────────────┴──────────────────────────┘
  Other reserved ports: 4400, 4500

Issues? Report them at https://github.com/firebase/firebase-tools/issues and attach the *-debug.log files.
 
[debug] [2020-12-11T22:07:30.635Z] [worker-~diagnostic~-2c2c201e-85a4-4aaf-b2a5-0d915b40cc89]: IDLE {"metadata":{"emulator":{"name":"functions"},"message":"[worker-~diagnostic~-2c2c201e-85a4-4aaf-b2a5-0d915b40cc89]: IDLE"}}
